<?xml version="1.0" encoding="UTF-8"?>
<testng-results ignored="4" total="14" passed="10" failed="0" skipped="0">
  <reporter-output>
  </reporter-output>
  <suite started-at="2020-07-04T17:01:03 IST" name="personal Loan" finished-at="2020-07-04T17:01:03 IST" duration-ms="46">
    <groups>
      <group name="smoke">
        <method signature="day1.demo()[pri:0, instance:Test.day1@6156496]" name="demo" class="Test.day1"/>
        <method signature="day1.demo2()[pri:0, instance:Test.day1@6156496]" name="demo2" class="Test.day1"/>
        <method signature="day4.LoginHOmeAPI()[pri:0, instance:Test.day4@5ad851c9]" name="LoginHOmeAPI" class="Test.day4"/>
      </group> <!-- smoke -->
    </groups>
    <test started-at="2020-07-04T17:01:03 IST" name="Test" finished-at="2020-07-04T17:01:03 IST" duration-ms="46">
      <class name="Test.day1">
        <test-method signature="demo()[pri:0, instance:Test.day1@6156496]" started-at="2020-07-04T17:01:03 IST" name="demo" finished-at="2020-07-04T17:01:03 IST" duration-ms="0" status="PASS">
          <reporter-output>
          </reporter-output>
        </test-method> <!-- demo -->
        <test-method signature="demo2()[pri:0, instance:Test.day1@6156496]" started-at="2020-07-04T17:01:03 IST" name="demo2" finished-at="2020-07-04T17:01:03 IST" duration-ms="1" status="PASS">
          <reporter-output>
          </reporter-output>
        </test-method> <!-- demo2 -->
        <test-method is-config="true" signature="lastexecuton()[pri:0, instance:Test.day1@6156496]" started-at="2020-07-04T17:01:03 IST" name="lastexecuton" finished-at="2020-07-04T17:01:03 IST" duration-ms="0" status="PASS">
          <reporter-output>
          </reporter-output>
        </test-method> <!-- lastexecuton -->
        <test-method is-config="true" signature="affsuite()[pri:0, instance:Test.day1@6156496]" started-at="2020-07-04T17:01:08 IST" name="affsuite" finished-at="2020-07-04T17:01:08 IST" duration-ms="0" status="PASS">
          <reporter-output>
          </reporter-output>
        </test-method> <!-- affsuite -->
      </class> <!-- Test.day1 -->
      <class name="Test.day3">
        <test-method is-config="true" signature="beforesuite()[pri:0, instance:Test.day3@3a079870]" started-at="2020-07-04T17:01:03 IST" name="beforesuite" finished-at="2020-07-04T17:01:03 IST" duration-ms="5" status="PASS">
          <reporter-output>
          </reporter-output>
        </test-method> <!-- beforesuite -->
        <test-method is-config="true" signature="beforemethod()[pri:0, instance:Test.day3@3a079870]" started-at="2020-07-04T17:01:03 IST" name="beforemethod" finished-at="2020-07-04T17:01:03 IST" duration-ms="0" status="PASS">
          <reporter-output>
          </reporter-output>
        </test-method> <!-- beforemethod -->
        <test-method is-config="true" signature="beforeclas()[pri:0, instance:Test.day3@3a079870]" started-at="2020-07-04T17:01:03 IST" name="beforeclas" finished-at="2020-07-04T17:01:03 IST" duration-ms="0" status="PASS">
          <reporter-output>
          </reporter-output>
        </test-method> <!-- beforeclas -->
        <test-method signature="WebLogin()[pri:0, instance:Test.day3@3a079870]" started-at="2020-07-04T17:01:03 IST" name="WebLogin" finished-at="2020-07-04T17:01:03 IST" duration-ms="1" status="PASS">
          <reporter-output>
          </reporter-output>
        </test-method> <!-- WebLogin -->
        <test-method is-config="true" signature="aftermethod()[pri:0, instance:Test.day3@3a079870]" started-at="2020-07-04T17:01:03 IST" name="aftermethod" finished-at="2020-07-04T17:01:03 IST" duration-ms="1" status="PASS">
          <reporter-output>
          </reporter-output>
        </test-method> <!-- aftermethod -->
        <test-method is-config="true" signature="beforemethod()[pri:0, instance:Test.day3@3a079870]" started-at="2020-07-04T17:01:03 IST" name="beforemethod" finished-at="2020-07-04T17:01:03 IST" duration-ms="0" status="PASS">
          <reporter-output>
          </reporter-output>
        </test-method> <!-- beforemethod -->
        <test-method signature="LoginAPI()[pri:0, instance:Test.day3@3a079870]" started-at="2020-07-04T17:01:03 IST" name="LoginAPI" finished-at="2020-07-04T17:01:03 IST" depends-on-methods="Test.day3.WebLogin" duration-ms="1" status="PASS">
          <reporter-output>
          </reporter-output>
        </test-method> <!-- LoginAPI -->
        <test-method is-config="true" signature="aftermethod()[pri:0, instance:Test.day3@3a079870]" started-at="2020-07-04T17:01:03 IST" name="aftermethod" finished-at="2020-07-04T17:01:03 IST" duration-ms="0" status="PASS">
          <reporter-output>
          </reporter-output>
        </test-method> <!-- aftermethod -->
        <test-method is-config="true" signature="afterclss()[pri:0, instance:Test.day3@3a079870]" started-at="2020-07-04T17:01:03 IST" name="afterclss" finished-at="2020-07-04T17:01:03 IST" duration-ms="0" status="PASS">
          <reporter-output>
          </reporter-output>
        </test-method> <!-- afterclss -->
      </class> <!-- Test.day3 -->
      <class name="Test.day2">
        <test-method is-config="true" signature="prequisite()[pri:0, instance:Test.day2@3b2cf7ab]" started-at="2020-07-04T17:01:03 IST" name="prequisite" finished-at="2020-07-04T17:01:03 IST" duration-ms="0" status="PASS">
          <reporter-output>
          </reporter-output>
        </test-method> <!-- prequisite -->
        <test-method signature="purchase()[pri:0, instance:Test.day2@3b2cf7ab]" started-at="2020-07-04T17:01:03 IST" name="purchase" finished-at="2020-07-04T17:01:03 IST" duration-ms="0" status="PASS">
          <reporter-output>
          </reporter-output>
        </test-method> <!-- purchase -->
      </class> <!-- Test.day2 -->
      <class name="Test.day4">
        <test-method signature="LoginHOmeAPI()[pri:0, instance:Test.day4@5ad851c9]" started-at="2020-07-04T17:01:03 IST" name="LoginHOmeAPI" finished-at="2020-07-04T17:01:03 IST" duration-ms="4" status="PASS">
          <reporter-output>
          </reporter-output>
        </test-method> <!-- LoginHOmeAPI -->
        <test-method signature="MobileHOmeLogin(java.lang.String, java.lang.String)[pri:0, instance:Test.day4@5ad851c9]" started-at="2020-07-04T17:01:03 IST" name="MobileHOmeLogin" finished-at="2020-07-04T17:01:03 IST" duration-ms="1" status="PASS">
          <params>
            <param index="0">
              <value>
                <![CDATA[qqacademy.click]]>
              </value>
            </param>
            <param index="1">
              <value>
                <![CDATA[APIS.click]]>
              </value>
            </param>
          </params>
          <reporter-output>
          </reporter-output>
        </test-method> <!-- MobileHOmeLogin -->
        <test-method signature="WebHOmeLogin(java.lang.String, java.lang.String)[pri:0, instance:Test.day4@5ad851c9]" started-at="2020-07-04T17:01:03 IST" name="WebHOmeLogin" data-provider="getdata" finished-at="2020-07-04T17:01:03 IST" duration-ms="1" status="PASS">
          <params>
            <param index="0">
              <value>
                <![CDATA[First username]]>
              </value>
            </param>
            <param index="1">
              <value>
                <![CDATA[passowrd]]>
              </value>
            </param>
          </params>
          <reporter-output>
          </reporter-output>
        </test-method> <!-- WebHOmeLogin -->
        <test-method signature="WebHOmeLogin(java.lang.String, java.lang.String)[pri:0, instance:Test.day4@5ad851c9]" started-at="2020-07-04T17:01:03 IST" name="WebHOmeLogin" data-provider="getdata" finished-at="2020-07-04T17:01:03 IST" duration-ms="0" status="PASS">
          <params>
            <param index="0">
              <value>
                <![CDATA[Secondusername]]>
              </value>
            </param>
            <param index="1">
              <value>
                <![CDATA[Secondpassowrd]]>
              </value>
            </param>
          </params>
          <reporter-output>
          </reporter-output>
        </test-method> <!-- WebHOmeLogin -->
        <test-method signature="WebHOmeLogin(java.lang.String, java.lang.String)[pri:0, instance:Test.day4@5ad851c9]" started-at="2020-07-04T17:01:03 IST" name="WebHOmeLogin" data-provider="getdata" finished-at="2020-07-04T17:01:03 IST" duration-ms="2" status="PASS">
          <params>
            <param index="0">
              <value>
                <![CDATA[Thirdusername]]>
              </value>
            </param>
            <param index="1">
              <value>
                <![CDATA[Thirdpassowrd]]>
              </value>
            </param>
          </params>
          <reporter-output>
          </reporter-output>
        </test-method> <!-- WebHOmeLogin -->
      </class> <!-- Test.day4 -->
    </test> <!-- Test -->
  </suite> <!-- personal Loan -->
</testng-results>
