<?xml version="1.0" encoding="UTF-8"?>
<!-- Generated by org.testng.reporters.JUnitXMLReporter -->
<testsuite ignored="0" hostname="amandhare-C02XN230JG5M.local" failures="0" tests="2" name=" facebook loginn profile" time="0.002" errors="0" timestamp="23 Feb 2021 13:35:16 GMT">
  <testcase classname="Anotations.facebookloginprofile" name="loginwithvalidcredetialsprofile" time="0.0"/>
  <testcase classname="Anotations.facebookloginprofile" name="profilecheck" time="0.0"/>
</testsuite> <!--  facebook loginn profile -->
