<?xml version="1.0" encoding="UTF-8"?>
<!-- Generated by org.testng.reporters.JUnitXMLReporter -->
<testsuite ignored="0" hostname="amandhare-C02XN230JG5M.local" failures="0" tests="2" name=" facebook loginn " time="0.036" errors="0" timestamp="23 Feb 2021 13:35:16 GMT">
  <testcase classname="Anotations.facebooklogin" name="loginwithinvalidcredetials" time="0.008"/>
  <testcase classname="Anotations.facebooklogin" name="loginwithvalidcredetials" time="0.0"/>
</testsuite> <!--  facebook loginn  -->
