<?xml version="1.0" encoding="UTF-8"?>
<!-- Generated by org.testng.reporters.JUnitXMLReporter -->
<testsuite ignored="4" hostname="PUNamandhare1DLVCG.local" failures="0" tests="10" name="Test" time="0.046" errors="0" timestamp="2020-07-04T17:01:08 IST">
  <testcase classname="Test.day4" name="LoginHOmeAPI" time="0.004"/>
  <testcase classname="Test.day4" name="MobileHOmeLogin" time="0.001"/>
  <testcase classname="Test.day4" name="WebHOmeLogin" time="0.001"/>
  <testcase classname="Test.day4" name="WebHOmeLogin" time="0.0"/>
  <testcase classname="Test.day4" name="WebHOmeLogin" time="0.002"/>
  <testcase classname="Test.day3" name="WebLogin" time="0.001"/>
  <testcase classname="Test.day2" name="purchase" time="0.0"/>
  <testcase classname="Test.day1" name="demo" time="0.0"/>
  <testcase classname="Test.day1" name="demo2" time="0.001"/>
  <testcase classname="Test.day3" name="LoginAPI" time="0.001"/>
  <testcase classname="Test.day3" name="Mobilsignin" time="0.0">
    <ignored/>
  </testcase> <!-- Mobilsignin -->
  <testcase classname="Test.day3" name="Mobilesignout" time="0.0">
    <ignored/>
  </testcase> <!-- Mobilesignout -->
  <testcase classname="Test.day3" name="MobileLogin" time="0.0">
    <ignored/>
  </testcase> <!-- MobileLogin -->
  <testcase classname="Test.day3" name="Mobiledashboard" time="0.0">
    <ignored/>
  </testcase> <!-- Mobiledashboard -->
</testsuite> <!-- Test -->
