<?xml version="1.0" encoding="UTF-8"?>
<!-- Generated by org.testng.reporters.JUnitXMLReporter -->
<testsuite ignored="3" hostname="PUNamandhare1DLVCG" failures="0" tests="9" name="regressoion" time="0.038" errors="0" timestamp="2020-07-04T14:59:11 IST">
  <testcase classname="Test.day4" name="MobileHOmeLogin" time="0.004"/>
  <testcase classname="Test.day4" name="WebHOmeLogin" time="0.0"/>
  <testcase classname="Test.day3" name="LoginAPI" time="0.0"/>
  <testcase classname="Test.day3" name="MobileLogin" time="0.001"/>
  <testcase classname="Test.day3" name="Mobiledashboard" time="0.0"/>
  <testcase classname="Test.day3" name="Mobilesignout" time="0.001"/>
  <testcase classname="Test.day3" name="Mobilsignin" time="0.001"/>
  <testcase classname="Test.day3" name="WebLogin" time="0.001"/>
  <testcase classname="Test.day2" name="purchase" time="0.001"/>
  <testcase classname="Test.day4" name="LoginHOmeAPI" time="0.0">
    <ignored/>
  </testcase> <!-- LoginHOmeAPI -->
  <testcase classname="Test.day1" name="demo" time="0.0">
    <ignored/>
  </testcase> <!-- demo -->
  <testcase classname="Test.day1" name="demo2" time="0.0">
    <ignored/>
  </testcase> <!-- demo2 -->
</testsuite> <!-- regressoion -->
