<?xml version="1.0" encoding="UTF-8"?>
<testng-results ignored="0" total="4" passed="4" failed="0" skipped="0">
  <reporter-output>
  </reporter-output>
  <suite started-at="2021-02-23T13:35:11Z" name="Bacic learingn of testng" finished-at="2021-02-23T13:35:16Z" duration-ms="5114">
    <groups>
    </groups>
    <test started-at="2021-02-23T13:35:11Z" name=" facebook loginn " finished-at="2021-02-23T13:35:11Z" duration-ms="36">
      <class name="Anotations.facebooklogin">
        <test-method signature="loginwithinvalidcredetials()[pri:0, instance:Anotations.facebooklogin@307f6b8c]" started-at="2021-02-23T13:35:11Z" name="loginwithinvalidcredetials" finished-at="2021-02-23T13:35:11Z" duration-ms="8" status="PASS">
          <reporter-output>
          </reporter-output>
        </test-method> <!-- loginwithinvalidcredetials -->
        <test-method signature="loginwithvalidcredetials()[pri:0, instance:Anotations.facebooklogin@307f6b8c]" started-at="2021-02-23T13:35:11Z" name="loginwithvalidcredetials" finished-at="2021-02-23T13:35:11Z" duration-ms="0" status="PASS">
          <reporter-output>
          </reporter-output>
        </test-method> <!-- loginwithvalidcredetials -->
      </class> <!-- Anotations.facebooklogin -->
    </test> <!--  facebook loginn  -->
    <test started-at="2021-02-23T13:35:16Z" name=" facebook loginn profile" finished-at="2021-02-23T13:35:16Z" duration-ms="2">
      <class name="Anotations.facebookloginprofile">
        <test-method signature="loginwithvalidcredetialsprofile()[pri:0, instance:Anotations.facebookloginprofile@670b40af]" started-at="2021-02-23T13:35:16Z" name="loginwithvalidcredetialsprofile" finished-at="2021-02-23T13:35:16Z" duration-ms="0" status="PASS">
          <reporter-output>
          </reporter-output>
        </test-method> <!-- loginwithvalidcredetialsprofile -->
        <test-method signature="profilecheck()[pri:0, instance:Anotations.facebookloginprofile@670b40af]" started-at="2021-02-23T13:35:16Z" name="profilecheck" finished-at="2021-02-23T13:35:16Z" duration-ms="0" status="PASS">
          <reporter-output>
          </reporter-output>
        </test-method> <!-- profilecheck -->
      </class> <!-- Anotations.facebookloginprofile -->
    </test> <!--  facebook loginn profile -->
  </suite> <!-- Bacic learingn of testng -->
</testng-results>
