<?xml version="1.0" encoding="UTF-8"?>
<!-- Generated by org.testng.reporters.JUnitXMLReporter -->
<testsuite ignored="1" hostname="PUNamandhare1DLVCG.local" failures="0" tests="2" name="Car loan" time="0.004" errors="0" timestamp="2020-07-04T12:26:30 IST">
  <testcase classname="Test.day3" name="LoginAPI" time="0.001"/>
  <testcase classname="Test.day3" name="WebLogin" time="0.0"/>
  <testcase classname="Test.day3" name="MobileLogin" time="0.0">
    <ignored/>
  </testcase> <!-- MobileLogin -->
</testsuite> <!-- Car loan -->
